2018/03/30 15:37:41 Server is running at 8081
2018/03/30 16:10:25 Regexp : 
2018/03/30 16:10:25 Test string : 
2018/03/30 16:10:25 Find all : true
2018/03/30 16:10:25 [[]]
2018/03/30 16:10:41 Regexp : aaa
2018/03/30 16:10:41 Test string : 
2018/03/30 16:10:41 Find all : true
2018/03/30 16:10:41 []
2018/03/30 16:10:42 Regexp : a
2018/03/30 16:10:42 Test string : 
2018/03/30 16:10:42 Find all : true
2018/03/30 16:10:42 []
2018/03/30 16:10:42 Regexp : aa
2018/03/30 16:10:42 Test string : 
2018/03/30 16:10:42 Find all : true
2018/03/30 16:10:42 []
2018/03/30 16:10:42 Regexp : aaaa
2018/03/30 16:10:42 Test string : 
2018/03/30 16:10:42 Find all : true
2018/03/30 16:10:42 []
2018/03/30 16:10:43 Regexp : aaaa
2018/03/30 16:10:43 Test string : a
2018/03/30 16:10:43 Find all : true
2018/03/30 16:10:43 []
2018/03/30 16:10:43 Regexp : aaaa
2018/03/30 16:10:43 Test string : aa
2018/03/30 16:10:43 Find all : true
2018/03/30 16:10:43 []
2018/03/30 16:10:43 Regexp : aaaa
2018/03/30 16:10:43 Test string : aaa
2018/03/30 16:10:43 Find all : true
2018/03/30 16:10:43 []
2018/03/30 16:10:44 Regexp : aaaa
2018/03/30 16:10:44 Test string : aaaaa
2018/03/30 16:10:44 Find all : true
2018/03/30 16:10:44 [[aaaa]]
2018/03/30 16:10:44 Regexp : aaaa
2018/03/30 16:10:44 Test string : aaaa
2018/03/30 16:10:44 Find all : true
2018/03/30 16:10:44 [[aaaa]]
2018/03/30 16:10:44 Regexp : aaaa
2018/03/30 16:10:44 Test string : aaaaaaa
2018/03/30 16:10:44 Find all : true
2018/03/30 16:10:44 [[aaaa]]
2018/03/30 16:10:45 Regexp : aaaa
2018/03/30 16:10:45 Test string : aaaaaaaa
2018/03/30 16:10:45 Find all : true
2018/03/30 16:10:45 [[aaaa] [aaaa]]
2018/03/30 16:10:45 Regexp : aaaa
2018/03/30 16:10:45 Test string : aaaaaa
2018/03/30 16:10:45 Find all : true
2018/03/30 16:10:45 [[aaaa]]
2018/03/30 16:24:43 Regexp : 
2018/03/30 16:24:43 Test string : 
2018/03/30 16:24:43 Find all : true
2018/03/30 16:24:43 [[]]
2018/03/30 16:24:47 Regexp : aaa
2018/03/30 16:24:47 Test string : 
2018/03/30 16:24:47 Find all : true
2018/03/30 16:24:47 []
2018/03/30 16:24:47 Regexp : a
2018/03/30 16:24:47 Test string : 
2018/03/30 16:24:47 Find all : true
2018/03/30 16:24:47 []
2018/03/30 16:24:47 Regexp : aa
2018/03/30 16:24:47 Test string : 
2018/03/30 16:24:47 Find all : true
2018/03/30 16:24:47 []
2018/03/30 16:24:47 Regexp : aaa
2018/03/30 16:24:47 Test string : a
2018/03/30 16:24:47 Find all : true
2018/03/30 16:24:47 []
2018/03/30 16:24:48 Regexp : aaa
2018/03/30 16:24:48 Test string : aa
2018/03/30 16:24:48 Find all : true
2018/03/30 16:24:48 []
2018/03/30 16:24:48 Regexp : aaa
2018/03/30 16:24:48 Test string : aaa
2018/03/30 16:24:48 Find all : true
2018/03/30 16:24:48 [[aaa]]
2018/03/30 16:24:49 Regexp : aaa
2018/03/30 16:24:49 Test string : aaaa
2018/03/30 16:24:49 Find all : true
2018/03/30 16:24:49 [[aaa]]
2018/03/30 16:25:04 Regexp : 
2018/03/30 16:25:04 Test string : 
2018/03/30 16:25:04 Find all : true
2018/03/30 16:25:04 [[]]
2018/03/30 16:25:07 Regexp : a
2018/03/30 16:25:07 Test string : 
2018/03/30 16:25:07 Find all : true
2018/03/30 16:25:07 []
2018/03/30 16:25:07 Regexp : ad
2018/03/30 16:25:07 Test string : 
2018/03/30 16:25:07 Find all : true
2018/03/30 16:25:07 []
2018/03/30 16:25:07 Regexp : adf
2018/03/30 16:25:07 Test string : 
2018/03/30 16:25:07 Find all : true
2018/03/30 16:25:07 []
2018/03/30 16:25:07 Regexp : adfs
2018/03/30 16:25:07 Test string : 
2018/03/30 16:25:07 Find all : true
2018/03/30 16:25:07 []
2018/03/30 16:25:07 Regexp : adfsf
2018/03/30 16:25:07 Test string : 
2018/03/30 16:25:07 Find all : true
2018/03/30 16:25:07 []
2018/03/30 16:25:07 Regexp : adfsfs
2018/03/30 16:25:07 Test string : 
2018/03/30 16:25:07 Find all : true
2018/03/30 16:25:07 []
2018/03/30 16:25:07 Regexp : adfsfsdfs
2018/03/30 16:25:07 Test string : 
2018/03/30 16:25:07 Find all : true
2018/03/30 16:25:07 []
2018/03/30 16:25:08 Regexp : adfsfsd
2018/03/30 16:25:08 Test string : 
2018/03/30 16:25:08 Find all : true
2018/03/30 16:25:08 []
2018/03/30 16:25:08 Regexp : adfsfsdf
2018/03/30 16:25:08 Test string : 
2018/03/30 16:25:08 Find all : true
2018/03/30 16:25:08 []
2018/03/30 16:25:08 Regexp : adfsfsdfs
2018/03/30 16:25:08 Test string : a
2018/03/30 16:25:08 Find all : true
2018/03/30 16:25:08 []
2018/03/30 16:25:08 Regexp : adfsfsdfs
2018/03/30 16:25:08 Test string : ad
2018/03/30 16:25:08 Find all : true
2018/03/30 16:25:08 []
2018/03/30 16:25:08 Regexp : adfsfsdfs
2018/03/30 16:25:08 Test string : adf
2018/03/30 16:25:08 Find all : true
2018/03/30 16:25:08 []
2018/03/30 16:25:08 Regexp : adfsfsdfs
2018/03/30 16:25:08 Test string : adfs
2018/03/30 16:25:08 Find all : true
2018/03/30 16:25:08 []
2018/03/30 16:25:08 Regexp : adfsfsdfs
2018/03/30 16:25:08 Test string : adfsf
2018/03/30 16:25:08 Find all : true
2018/03/30 16:25:08 []
2018/03/30 16:25:09 Regexp : adfsfsdfs
2018/03/30 16:25:09 Test string : adfsfs
2018/03/30 16:25:09 Find all : true
2018/03/30 16:25:09 []
2018/03/30 16:25:09 Regexp : adfsfsdfs
2018/03/30 16:25:09 Test string : adfsfss
2018/03/30 16:25:09 Find all : true
2018/03/30 16:25:09 []
2018/03/30 16:25:09 Regexp : adfsfsdfs
2018/03/30 16:25:09 Test string : adfsfssf
2018/03/30 16:25:09 Find all : true
2018/03/30 16:25:09 []
2018/03/30 16:25:09 Regexp : adfsfsdfs
2018/03/30 16:25:09 Test string : adfsfssfds
2018/03/30 16:25:09 Find all : true
2018/03/30 16:25:09 []
2018/03/30 16:25:09 Regexp : adfsfsdfs
2018/03/30 16:25:09 Test string : adfsfssfdsf
2018/03/30 16:25:09 Find all : true
2018/03/30 16:25:09 []
2018/03/30 16:25:09 Regexp : adfsfsdfs
2018/03/30 16:25:09 Test string : adfsfssfdsfs
2018/03/30 16:25:09 Find all : true
2018/03/30 16:25:09 []
2018/03/30 16:25:09 Regexp : adfsfsdfs
2018/03/30 16:25:09 Test string : adfsfssfdsfss
2018/03/30 16:25:09 Find all : true
2018/03/30 16:25:09 []
2018/03/30 16:25:10 Regexp : adfsfsdfs
2018/03/30 16:25:10 Test string : adfsfssfd
2018/03/30 16:25:10 Find all : true
2018/03/30 16:25:10 []
2018/03/30 16:25:12 Regexp : adfsfsdfs
2018/03/30 16:25:12 Test string : adfsfssfdsfssadfsfsdfs
2018/03/30 16:25:12 Find all : true
2018/03/30 16:25:12 [[adfsfsdfs]]
2018/03/30 16:25:13 Regexp : adfsfsdfs
2018/03/30 16:25:13 Test string : adfsfssfdsfssadfsfsdfss
2018/03/30 16:25:13 Find all : true
2018/03/30 16:25:13 [[adfsfsdfs]]
2018/03/30 16:25:13 Regexp : adfsfsdfs
2018/03/30 16:25:13 Test string : adfsfssfdsfssadfsfsdfssf
2018/03/30 16:25:13 Find all : true
2018/03/30 16:25:13 [[adfsfsdfs]]
2018/03/30 16:25:13 Regexp : adfsfsdfs
2018/03/30 16:25:13 Test string : adfsfssfdsfssadfsfsdfssfd
2018/03/30 16:25:13 Find all : true
2018/03/30 16:25:13 [[adfsfsdfs]]
2018/03/30 16:25:13 Regexp : adfsfsdfs
2018/03/30 16:25:13 Test string : adfsfssfdsfssadfsfsdfssfds
2018/03/30 16:25:13 Find all : true
2018/03/30 16:25:13 [[adfsfsdfs]]
2018/03/30 16:25:13 Regexp : adfsfsdfs
2018/03/30 16:25:13 Test string : adfsfssfdsfssadfsfsdfssfdsd
2018/03/30 16:25:13 Find all : true
2018/03/30 16:25:13 [[adfsfsdfs]]
2018/03/30 16:25:13 Regexp : adfsfsdfs
2018/03/30 16:25:13 Test string : adfsfssfdsfssadfsfsdfssfdsdfs
2018/03/30 16:25:13 Find all : true
2018/03/30 16:25:13 [[adfsfsdfs]]
2018/03/30 16:25:14 Regexp : adfsfsdfs
2018/03/30 16:25:14 Test string : adfsfssfdsfssadfsfsdfssfdsdfsf
2018/03/30 16:25:14 Find all : true
2018/03/30 16:25:14 [[adfsfsdfs]]
2018/03/30 16:25:14 Regexp : adfsfsdfs
2018/03/30 16:25:14 Test string : adfsfssfdsfssadfsfsdfssfdsdf
2018/03/30 16:25:14 Find all : true
2018/03/30 16:25:14 [[adfsfsdfs]]
2018/03/30 16:27:46 Regexp : 
2018/03/30 16:27:46 Test string : 
2018/03/30 16:27:46 Find all : true
2018/03/30 16:27:46 [[]]
2018/03/30 16:27:51 Regexp : a
2018/03/30 16:27:51 Test string : 
2018/03/30 16:27:51 Find all : true
2018/03/30 16:27:51 []
2018/03/30 16:27:51 Regexp : aa
2018/03/30 16:27:51 Test string : 
2018/03/30 16:27:51 Find all : true
2018/03/30 16:27:51 []
2018/03/30 16:27:52 Regexp : aaa
2018/03/30 16:27:52 Test string : 
2018/03/30 16:27:52 Find all : true
2018/03/30 16:27:52 []
2018/03/30 16:27:52 Regexp : aaa
2018/03/30 16:27:52 Test string : as
2018/03/30 16:27:52 Find all : true
2018/03/30 16:27:52 []
2018/03/30 16:27:53 Regexp : aaa
2018/03/30 16:27:53 Test string : asds
2018/03/30 16:27:53 Find all : true
2018/03/30 16:27:53 []
2018/03/30 16:27:53 Regexp : aaa
2018/03/30 16:27:53 Test string : asdsf
2018/03/30 16:27:53 Find all : true
2018/03/30 16:27:53 []
2018/03/30 16:27:53 Regexp : aaa
2018/03/30 16:27:53 Test string : asdsfs
2018/03/30 16:27:53 Find all : true
2018/03/30 16:27:53 []
2018/03/30 16:27:53 Regexp : aaa
2018/03/30 16:27:53 Test string : asdsfsa
2018/03/30 16:27:53 Find all : true
2018/03/30 16:27:53 []
2018/03/30 16:27:53 Regexp : aaa
2018/03/30 16:27:53 Test string : a
2018/03/30 16:27:53 Find all : true
2018/03/30 16:27:53 []
2018/03/30 16:27:53 Regexp : aaa
2018/03/30 16:27:53 Test string : asd
2018/03/30 16:27:53 Find all : true
2018/03/30 16:27:53 []
2018/03/30 16:27:53 Regexp : aaa
2018/03/30 16:27:53 Test string : asdsfsafa
2018/03/30 16:27:53 Find all : true
2018/03/30 16:27:53 []
2018/03/30 16:27:54 Regexp : aaa
2018/03/30 16:27:54 Test string : asdsfsaf
2018/03/30 16:27:54 Find all : true
2018/03/30 16:27:54 []
2018/03/30 16:27:55 Regexp : aaa
2018/03/30 16:27:55 Test string : asdsfsafaa
2018/03/30 16:27:55 Find all : true
2018/03/30 16:27:55 []
2018/03/30 16:27:55 Regexp : aaa
2018/03/30 16:27:55 Test string : asdsfsafaaa
2018/03/30 16:27:55 Find all : true
2018/03/30 16:27:55 [[aaa]]
2018/03/30 16:27:56 Regexp : aaa
2018/03/30 16:27:56 Test string : asdsfsafaaaa
2018/03/30 16:27:56 Find all : true
2018/03/30 16:27:56 [[aaa]]
2018/03/30 16:30:33 Regexp : 
2018/03/30 16:30:33 Test string : 
2018/03/30 16:30:33 Find all : true
2018/03/30 16:30:33 [[]]
2018/03/30 16:30:39 Regexp : 
2018/03/30 16:30:39 Test string : 
2018/03/30 16:30:39 Find all : true
2018/03/30 16:30:39 [[]]
2018/03/30 16:30:49 Regexp : a
2018/03/30 16:30:49 Test string : 
2018/03/30 16:30:49 Find all : true
2018/03/30 16:30:49 []
2018/03/30 16:30:49 Regexp : aaa
2018/03/30 16:30:49 Test string : 
2018/03/30 16:30:49 Find all : true
2018/03/30 16:30:49 []
2018/03/30 16:30:50 Regexp : aa
2018/03/30 16:30:50 Test string : 
2018/03/30 16:30:50 Find all : true
2018/03/30 16:30:50 []
2018/03/30 16:30:50 Regexp : aaa
2018/03/30 16:30:50 Test string : a
2018/03/30 16:30:50 Find all : true
2018/03/30 16:30:50 []
2018/03/30 16:30:50 Regexp : aaa
2018/03/30 16:30:50 Test string : aa
2018/03/30 16:30:50 Find all : true
2018/03/30 16:30:50 []
2018/03/30 16:30:50 Regexp : aaa
2018/03/30 16:30:50 Test string : aaa
2018/03/30 16:30:50 Find all : true
2018/03/30 16:30:50 [[aaa]]
2018/03/30 16:30:51 Regexp : aaa
2018/03/30 16:30:51 Test string : aaaa
2018/03/30 16:30:51 Find all : true
2018/03/30 16:30:51 [[aaa]]
2018/03/30 16:31:10 Regexp : 
2018/03/30 16:31:10 Test string : 
2018/03/30 16:31:10 Find all : true
2018/03/30 16:31:10 [[]]
2018/03/30 17:13:08 Regexp : 
2018/03/30 17:13:08 Test string : 
2018/03/30 17:13:08 Find all : true
2018/03/30 17:13:08 [[]]
2018/04/02 11:49:54 Regexp : 
2018/04/02 11:49:54 Test string : 
2018/04/02 11:49:54 Find all : true
2018/04/02 11:49:54 [[]]
2018/04/02 11:50:05 Regexp : 
2018/04/02 11:50:05 Test string : 
2018/04/02 11:50:05 Find all : true
2018/04/02 11:50:05 [[]]
2018/04/02 11:50:21 Regexp : w
2018/04/02 11:50:21 Test string : 
2018/04/02 11:50:21 Find all : true
2018/04/02 11:50:21 []
2018/04/02 11:50:22 Regexp : wa
2018/04/02 11:50:22 Test string : 
2018/04/02 11:50:22 Find all : true
2018/04/02 11:50:22 []
2018/04/02 11:50:22 Regexp : wang
2018/04/02 11:50:22 Test string : 
2018/04/02 11:50:22 Find all : true
2018/04/02 11:50:22 []
2018/04/02 11:50:23 Regexp : 
2018/04/02 11:50:23 Test string : 
2018/04/02 11:50:23 Find all : true
2018/04/02 11:50:23 [[]]
2018/04/02 11:50:23 Regexp : wan
2018/04/02 11:50:23 Test string : 
2018/04/02 11:50:23 Find all : true
2018/04/02 11:50:23 []
2018/04/02 11:50:23 Regexp : w
2018/04/02 11:50:23 Test string : 
2018/04/02 11:50:23 Find all : true
2018/04/02 11:50:23 []
2018/04/02 11:50:23 Regexp : w
2018/04/02 11:50:23 Test string : 
2018/04/02 11:50:23 Find all : true
2018/04/02 11:50:23 []
2018/04/02 11:50:24 Regexp : wa
2018/04/02 11:50:24 Test string : 
2018/04/02 11:50:24 Find all : true
2018/04/02 11:50:24 []
2018/04/02 11:50:24 Regexp : wan
2018/04/02 11:50:24 Test string : 
2018/04/02 11:50:24 Find all : true
2018/04/02 11:50:24 []
2018/04/02 11:50:24 Regexp : wang
2018/04/02 11:50:24 Test string : 
2018/04/02 11:50:24 Find all : true
2018/04/02 11:50:24 []
2018/04/02 11:50:24 Regexp : wangl
2018/04/02 11:50:24 Test string : 
2018/04/02 11:50:24 Find all : true
2018/04/02 11:50:24 []
2018/04/02 11:50:24 Regexp : wangle
2018/04/02 11:50:24 Test string : 
2018/04/02 11:50:24 Find all : true
2018/04/02 11:50:24 []
2018/04/02 11:50:25 Regexp : wanglei
2018/04/02 11:50:25 Test string : 
2018/04/02 11:50:25 Find all : true
2018/04/02 11:50:25 []
2018/04/02 11:50:25 Regexp : wanglei
2018/04/02 11:50:25 Test string : w
2018/04/02 11:50:25 Find all : true
2018/04/02 11:50:25 []
2018/04/02 11:50:25 Regexp : wanglei
2018/04/02 11:50:25 Test string : wa
2018/04/02 11:50:25 Find all : true
2018/04/02 11:50:25 []
2018/04/02 11:50:25 Regexp : wanglei
2018/04/02 11:50:25 Test string : wan
2018/04/02 11:50:25 Find all : true
2018/04/02 11:50:25 []
2018/04/02 11:50:25 Regexp : wanglei
2018/04/02 11:50:25 Test string : wang
2018/04/02 11:50:25 Find all : true
2018/04/02 11:50:25 []
2018/04/02 11:50:26 Regexp : wanglei
2018/04/02 11:50:26 Test string : wangl
2018/04/02 11:50:26 Find all : true
2018/04/02 11:50:26 []
2018/04/02 11:50:26 Regexp : wanglei
2018/04/02 11:50:26 Test string : wangle
2018/04/02 11:50:26 Find all : true
2018/04/02 11:50:26 []
2018/04/02 11:50:26 Regexp : wanglei
2018/04/02 11:50:26 Test string : wanglei
2018/04/02 11:50:26 Find all : true
2018/04/02 11:50:26 [[wanglei]]
2018/04/02 11:50:27 Regexp : wanglei
2018/04/02 11:50:27 Test string : wangleig
2018/04/02 11:50:27 Find all : true
2018/04/02 11:50:27 [[wanglei]]
2018/04/02 11:50:27 Regexp : wanglei
2018/04/02 11:50:27 Test string : wangleigee
2018/04/02 11:50:27 Find all : true
2018/04/02 11:50:27 [[wanglei]]
2018/04/02 11:50:27 Regexp : wanglei
2018/04/02 11:50:27 Test string : wangleigeek
2018/04/02 11:50:27 Find all : true
2018/04/02 11:50:27 [[wanglei]]
2018/04/02 11:50:28 Regexp : wanglei
2018/04/02 11:50:28 Test string : wangleige
2018/04/02 11:50:28 Find all : true
2018/04/02 11:50:28 [[wanglei]]
2018/04/02 11:50:30 Regexp : wanglei
2018/04/02 11:50:30 Test string : wangleigee
2018/04/02 11:50:30 Find all : true
2018/04/02 11:50:30 [[wanglei]]
2018/04/02 11:50:30 Regexp : wanglei
2018/04/02 11:50:30 Test string : wangleig
2018/04/02 11:50:30 Find all : true
2018/04/02 11:50:30 [[wanglei]]
2018/04/02 11:50:30 Regexp : wanglei
2018/04/02 11:50:30 Test string : wanglei
2018/04/02 11:50:30 Find all : true
2018/04/02 11:50:30 [[wanglei]]
2018/04/02 11:50:30 Regexp : wanglei
2018/04/02 11:50:30 Test string : wangle
2018/04/02 11:50:30 Find all : true
2018/04/02 11:50:30 []
2018/04/02 11:50:30 Regexp : wanglei
2018/04/02 11:50:30 Test string : wangl
2018/04/02 11:50:30 Find all : true
2018/04/02 11:50:30 []
2018/04/02 11:50:30 Regexp : wanglei
2018/04/02 11:50:30 Test string : wang
2018/04/02 11:50:30 Find all : true
2018/04/02 11:50:30 []
2018/04/02 11:50:30 Regexp : wanglei
2018/04/02 11:50:30 Test string : wa
2018/04/02 11:50:30 Find all : true
2018/04/02 11:50:30 []
2018/04/02 11:50:31 Regexp : wanglei
2018/04/02 11:50:31 Test string : w
2018/04/02 11:50:31 Find all : true
2018/04/02 11:50:31 []
2018/04/02 11:50:31 Regexp : wanglei
2018/04/02 11:50:31 Test string : wangleige
2018/04/02 11:50:31 Find all : true
2018/04/02 11:50:31 [[wanglei]]
2018/04/02 11:50:31 Regexp : wanglei
2018/04/02 11:50:31 Test string : wa
2018/04/02 11:50:31 Find all : true
2018/04/02 11:50:31 []
2018/04/02 11:50:31 Regexp : wanglei
2018/04/02 11:50:31 Test string : wan
2018/04/02 11:50:31 Find all : true
2018/04/02 11:50:31 []
2018/04/02 11:50:31 Regexp : wanglei
2018/04/02 11:50:31 Test string : wan
2018/04/02 11:50:31 Find all : true
2018/04/02 11:50:31 []
2018/04/02 11:50:31 Regexp : wanglei
2018/04/02 11:50:31 Test string : 
2018/04/02 11:50:31 Find all : true
2018/04/02 11:50:31 []
2018/04/02 11:50:31 Regexp : wanglei
2018/04/02 11:50:31 Test string : w
2018/04/02 11:50:31 Find all : true
2018/04/02 11:50:31 []
2018/04/02 11:50:31 Regexp : wanglei
2018/04/02 11:50:31 Test string : wang
2018/04/02 11:50:31 Find all : true
2018/04/02 11:50:31 []
2018/04/02 11:50:31 Regexp : wanglei
2018/04/02 11:50:31 Test string : wangl
2018/04/02 11:50:31 Find all : true
2018/04/02 11:50:31 []
2018/04/02 11:50:31 Regexp : wanglei
2018/04/02 11:50:31 Test string : wangle
2018/04/02 11:50:31 Find all : true
2018/04/02 11:50:31 []
2018/04/02 11:50:32 Regexp : wanglei
2018/04/02 11:50:32 Test string : wanglei
2018/04/02 11:50:32 Find all : true
2018/04/02 11:50:32 [[wanglei]]
2018/04/02 11:50:32 Regexp : wanglei
2018/04/02 11:50:32 Test string : wanglei.
2018/04/02 11:50:32 Find all : true
2018/04/02 11:50:32 [[wanglei]]
2018/04/02 11:50:32 Regexp : wanglei
2018/04/02 11:50:32 Test string : wanglei.i
2018/04/02 11:50:32 Find all : true
2018/04/02 11:50:32 [[wanglei]]
2018/04/02 11:50:32 Regexp : wanglei
2018/04/02 11:50:32 Test string : wanglei.io
2018/04/02 11:50:32 Find all : true
2018/04/02 11:50:32 [[wanglei]]
2018/04/02 11:50:32 Regexp : wanglei
2018/04/02 11:50:32 Test string : wanglei.io
2018/04/02 11:50:32 Find all : true
2018/04/02 11:50:32 [[wanglei]]
2018/04/02 11:50:33 Regexp : wanglei
2018/04/02 11:50:33 Test string : wanglei.io
g
2018/04/02 11:50:33 Find all : true
2018/04/02 11:50:33 [[wanglei]]
2018/04/02 11:50:33 Regexp : wanglei
2018/04/02 11:50:33 Test string : wanglei.io
ge
2018/04/02 11:50:33 Find all : true
2018/04/02 11:50:33 [[wanglei]]
2018/04/02 11:50:33 Regexp : wanglei
2018/04/02 11:50:33 Test string : wanglei.io
gee
2018/04/02 11:50:33 Find all : true
2018/04/02 11:50:33 [[wanglei]]
2018/04/02 11:50:33 Regexp : wanglei
2018/04/02 11:50:33 Test string : wanglei.io
geek
2018/04/02 11:50:33 Find all : true
2018/04/02 11:50:33 [[wanglei]]
2018/04/02 11:50:34 Regexp : wanglei
2018/04/02 11:50:34 Test string : wanglei.io
geekw
2018/04/02 11:50:34 Find all : true
2018/04/02 11:50:34 [[wanglei]]
2018/04/02 11:50:34 Regexp : wanglei
2018/04/02 11:50:34 Test string : wanglei.io
geekwa
2018/04/02 11:50:34 Find all : true
2018/04/02 11:50:34 [[wanglei]]
2018/04/02 11:50:34 Regexp : wanglei
2018/04/02 11:50:34 Test string : wanglei.io
geekwan
2018/04/02 11:50:34 Find all : true
2018/04/02 11:50:34 [[wanglei]]
2018/04/02 11:50:35 Regexp : wanglei
2018/04/02 11:50:35 Test string : wanglei.io
geekwangle
2018/04/02 11:50:35 Find all : true
2018/04/02 11:50:35 [[wanglei]]
2018/04/02 11:50:35 Regexp : wanglei
2018/04/02 11:50:35 Test string : wanglei.io
geekwanglei
2018/04/02 11:50:35 Find all : true
2018/04/02 11:50:35 [[wanglei] [wanglei]]
2018/04/02 11:50:35 Regexp : wanglei
2018/04/02 11:50:35 Test string : wanglei.io
geekwangl
2018/04/02 11:50:35 Find all : true
2018/04/02 11:50:35 [[wanglei]]
2018/04/02 11:50:35 Regexp : wanglei
2018/04/02 11:50:35 Test string : wanglei.io
geekwang
2018/04/02 11:50:35 Find all : true
2018/04/02 11:50:35 [[wanglei]]
2018/04/02 11:50:35 Regexp : wanglei
2018/04/02 11:50:35 Test string : wanglei.io
geekwanglei@
2018/04/02 11:50:35 Find all : true
2018/04/02 11:50:35 [[wanglei] [wanglei]]
2018/04/02 11:50:36 Regexp : wanglei
2018/04/02 11:50:36 Test string : wanglei.io
geekwanglei@g
2018/04/02 11:50:36 Find all : true
2018/04/02 11:50:36 [[wanglei] [wanglei]]
2018/04/02 11:50:36 Regexp : wanglei
2018/04/02 11:50:36 Test string : wanglei.io
geekwanglei@gm
2018/04/02 11:50:36 Find all : true
2018/04/02 11:50:36 [[wanglei] [wanglei]]
2018/04/02 11:50:36 Regexp : wanglei
2018/04/02 11:50:36 Test string : wanglei.io
geekwanglei@gma
2018/04/02 11:50:36 Find all : true
2018/04/02 11:50:36 [[wanglei] [wanglei]]
2018/04/02 11:50:36 Regexp : wanglei
2018/04/02 11:50:36 Test string : wanglei.io
geekwanglei@gmai
2018/04/02 11:50:36 Find all : true
2018/04/02 11:50:36 [[wanglei] [wanglei]]
2018/04/02 11:50:36 Regexp : wanglei
2018/04/02 11:50:36 Test string : wanglei.io
geekwanglei@gmail
2018/04/02 11:50:36 Find all : true
2018/04/02 11:50:36 [[wanglei] [wanglei]]
2018/04/02 11:50:37 Regexp : wanglei
2018/04/02 11:50:37 Test string : wanglei.io
geekwanglei@gmail.co
2018/04/02 11:50:37 Find all : true
2018/04/02 11:50:37 [[wanglei] [wanglei]]
2018/04/02 11:50:37 Regexp : wanglei
2018/04/02 11:50:37 Test string : wanglei.io
geekwanglei@gmail.c
2018/04/02 11:50:37 Find all : true
2018/04/02 11:50:37 [[wanglei] [wanglei]]
2018/04/02 11:50:37 Regexp : wanglei
2018/04/02 11:50:37 Test string : wanglei.io
geekwanglei@gmail.
2018/04/02 11:50:37 Find all : true
2018/04/02 11:50:37 [[wanglei] [wanglei]]
2018/04/02 11:50:37 Regexp : wanglei
2018/04/02 11:50:37 Test string : wanglei.io
geekwanglei@gmail.com
2018/04/02 11:50:37 Find all : true
2018/04/02 11:50:37 [[wanglei] [wanglei]]
2018/04/02 11:50:38 Regexp : wan
2018/04/02 11:50:38 Test string : 
2018/04/02 11:50:38 Find all : true
2018/04/02 11:50:38 []
2018/04/02 11:50:38 Regexp : wa
2018/04/02 11:50:38 Test string : 
2018/04/02 11:50:38 Find all : true
2018/04/02 11:50:38 []
2018/04/02 11:50:45 Regexp : wanglei
2018/04/02 11:50:45 Test string : wanglei.io
geewanglei@gmail.com
2018/04/02 11:50:45 Find all : true
2018/04/02 11:50:45 [[wanglei] [wanglei]]
2018/04/02 11:50:46 Regexp : wanglei
2018/04/02 11:50:46 Test string : wanglei.io
gewanglei@gmail.com
2018/04/02 11:50:46 Find all : true
2018/04/02 11:50:46 [[wanglei] [wanglei]]
2018/04/02 11:50:46 Regexp : wanglei
2018/04/02 11:50:46 Test string : wanglei.io
gwanglei@gmail.com
2018/04/02 11:50:46 Find all : true
2018/04/02 11:50:46 [[wanglei] [wanglei]]
2018/04/02 11:50:46 Regexp : wanglei
2018/04/02 11:50:46 Test string : wanglei.io
wanglei@gmail.com
2018/04/02 11:50:46 Find all : true
2018/04/02 11:50:46 [[wanglei] [wanglei]]
2018/04/03 04:51:02 Regexp : 
2018/04/03 04:51:02 Test string : 
2018/04/03 04:51:02 Find all : true
2018/04/03 04:51:02 [[]]
2018/04/03 18:00:42 Regexp : 
2018/04/03 18:00:42 Test string : 
2018/04/03 18:00:42 Find all : true
2018/04/03 18:00:42 [[]]
2018/04/03 18:05:24 Regexp : 
2018/04/03 18:05:24 Test string : 
2018/04/03 18:05:24 Find all : true
2018/04/03 18:05:24 [[]]
2018/04/04 14:27:58 Regexp : 
2018/04/04 14:27:58 Test string : 
2018/04/04 14:27:58 Find all : true
2018/04/04 14:27:58 [[]]
2018/04/09 14:28:36 Regexp : 
2018/04/09 14:28:36 Test string : 
2018/04/09 14:28:36 Find all : true
2018/04/09 14:28:36 [[]]
2018/04/09 14:32:50 Regexp : 
2018/04/09 14:32:50 Test string : 
2018/04/09 14:32:50 Find all : true
2018/04/09 14:32:50 [[]]
2018/04/09 14:34:49 Regexp : 
2018/04/09 14:34:49 Test string : 
2018/04/09 14:34:49 Find all : true
2018/04/09 14:34:49 [[]]
2018/04/09 19:58:22 Regexp : 
2018/04/09 19:58:22 Test string : 
2018/04/09 19:58:22 Find all : true
2018/04/09 19:58:22 [[]]
2018/04/10 18:30:00 Regexp : 
2018/04/10 18:30:00 Test string : 
2018/04/10 18:30:00 Find all : true
2018/04/10 18:30:00 [[]]
2018/04/13 10:57:51 Regexp : 
2018/04/13 10:57:51 Test string : 
2018/04/13 10:57:51 Find all : true
2018/04/13 10:57:51 [[]]
2018/04/13 11:06:34 Regexp : 
2018/04/13 11:06:34 Test string : 
2018/04/13 11:06:34 Find all : true
2018/04/13 11:06:34 [[]]
2018/04/13 11:09:23 Regexp : 
2018/04/13 11:09:23 Test string : 
2018/04/13 11:09:23 Find all : true
2018/04/13 11:09:23 [[]]
2018/04/13 11:12:21 Regexp : 
2018/04/13 11:12:21 Test string : 
2018/04/13 11:12:21 Find all : true
2018/04/13 11:12:21 [[]]
2018/04/13 11:12:53 Regexp : 
2018/04/13 11:12:53 Test string : 
2018/04/13 11:12:53 Find all : true
2018/04/13 11:12:53 [[]]
2018/04/15 17:56:56 Regexp : 
2018/04/15 17:56:56 Test string : 
2018/04/15 17:56:56 Find all : true
2018/04/15 17:56:56 [[]]
2018/04/16 15:06:08 Regexp : 
2018/04/16 15:06:08 Test string : 
2018/04/16 15:06:08 Find all : true
2018/04/16 15:06:08 [[]]
2018/04/16 15:07:32 Regexp : 
2018/04/16 15:07:32 Test string : 
2018/04/16 15:07:32 Find all : true
2018/04/16 15:07:32 [[]]
